<?xml version="1.0" encoding="UTF-8"?>
<testng-results ignored="0" total="1" passed="1" failed="0" skipped="0">
  <reporter-output>
  </reporter-output>
  <suite started-at="2018-05-15T22:59:26Z" name="Suite" finished-at="2018-05-15T22:59:33Z" duration-ms="6913">
    <groups>
    </groups>
    <test started-at="2018-05-15T22:59:26Z" name="Test" finished-at="2018-05-15T22:59:33Z" duration-ms="6913">
      <class name="com.project.MavenExample">
        <test-method signature="mavenTest()[pri:0, instance:com.project.MavenExample@293a5bf6]" started-at="2018-05-15T22:59:26Z" name="mavenTest" finished-at="2018-05-15T22:59:33Z" duration-ms="6896" status="PASS">
          <reporter-output>
          </reporter-output>
        </test-method> <!-- mavenTest -->
      </class> <!-- com.project.MavenExample -->
    </test> <!-- Test -->
  </suite> <!-- Suite -->
</testng-results>
