<?xml version="1.0" encoding="UTF-8"?>
<testng-results ignored="0" total="1" passed="1" failed="0" skipped="0">
  <reporter-output>
  </reporter-output>
  <suite started-at="2018-05-12T18:00:18Z" name="Default suite" finished-at="2018-05-12T18:00:39Z" duration-ms="20884">
    <groups>
    </groups>
    <test started-at="2018-05-12T18:00:18Z" name="Default test" finished-at="2018-05-12T18:00:39Z" duration-ms="20884">
      <class name="com.project.MavenExample">
        <test-method signature="mavenTest()[pri:0, instance:com.project.MavenExample@26b3fd41]" started-at="2018-05-12T18:00:18Z" name="mavenTest" finished-at="2018-05-12T18:00:39Z" duration-ms="20864" status="PASS">
          <reporter-output>
          </reporter-output>
        </test-method> <!-- mavenTest -->
      </class> <!-- com.project.MavenExample -->
    </test> <!-- Default test -->
  </suite> <!-- Default suite -->
</testng-results>
